빌드 시작: 2013-04-12 오후 3:58:22
     1>2 노드의 "C:\Documents and Settings\dv6000\My Documents\Visual Studio 2010\Projects\IS\IS\IS.vcxproj" 프로젝트(build 대상)입니다.
     1>InitializeBuildStatus:
         "AlwaysCreate"이(가) 지정되었기 때문에 "Release\IS.unsuccessfulbuild"을(를) 만들고 있습니다.
       ClCompile:
         C:\Program Files\Microsoft Visual Studio 10.0\VC\bin\CL.exe /c /Zi /nologo /W3 /WX- /O2 /Oi /Oy- /GL /D WIN32 /D NDEBUG /D _CONSOLE /D _UNICODE /D UNICODE /Gm- /EHsc /MD /GS /Gy /fp:precise /Zc:wchar_t /Zc:forScope /Fo"Release\\" /Fd"Release\vc100.pdb" /Gd /TP /analyze- /errorReport:prompt WordtoInt.cpp
         WordtoInt.cpp
     1>WordtoInt.cpp(17): warning C4996: 'strncpy': This function or variable may be unsafe. Consider using strncpy_s instead. To disable deprecation, use _CRT_SECURE_NO_WARNINGS. See online help for details.
                 C:\Program Files\Microsoft Visual Studio 10.0\VC\include\string.h(188) : 'strncpy' 선언을 참조하십시오.
       Link:
         C:\Program Files\Microsoft Visual Studio 10.0\VC\bin\link.exe /ERRORREPORT:PROMPT /OUT:"C:\Documents and Settings\dv6000\My Documents\Visual Studio 2010\Projects\IS\Release\IS.exe" /INCREMENTAL:NO /NOLOGO kernel32.lib user32.lib gdi32.lib winspool.lib comdlg32.lib advapi32.lib shell32.lib ole32.lib oleaut32.lib uuid.lib odbc32.lib odbccp32.lib /MANIFEST /ManifestFile:"Release\IS.exe.intermediate.manifest" /MANIFESTUAC:"level='asInvoker' uiAccess='false'" /DEBUG /PDB:"C:\Documents and Settings\dv6000\My Documents\Visual Studio 2010\Projects\IS\Release\IS.pdb" /SUBSYSTEM:CONSOLE /OPT:REF /OPT:ICF /LTCG /TLBID:1 /DYNAMICBASE /NXCOMPAT /IMPLIB:"C:\Documents and Settings\dv6000\My Documents\Visual Studio 2010\Projects\IS\Release\IS.lib" /MACHINE:X86 Release\IS.obj
         Release\jdksmidi_advancedsequencer.obj
         Release\jdksmidi_driver.obj
         Release\jdksmidi_driverdump.obj
         Release\jdksmidi_edittrack.obj
         Release\jdksmidi_file.obj
         Release\jdksmidi_fileread.obj
         Release\jdksmidi_filereadmultitrack.obj
         Release\jdksmidi_fileshow.obj
         Release\jdksmidi_filewrite.obj
         Release\jdksmidi_filewritemultitrack.obj
         Release\jdksmidi_keysig.obj
         Release\jdksmidi_manager.obj
         Release\jdksmidi_matrix.obj
         Release\jdksmidi_midi.obj
         Release\jdksmidi_msg.obj
         Release\jdksmidi_multitrack.obj
         Release\jdksmidi_parser.obj
         Release\jdksmidi_process.obj
         Release\jdksmidi_queue.obj
         Release\jdksmidi_sequencer.obj
         Release\jdksmidi_showcontrol.obj
         Release\jdksmidi_showcontrolhandler.obj
         Release\jdksmidi_smpte.obj
         Release\jdksmidi_sysex.obj
         Release\jdksmidi_tempo.obj
         Release\jdksmidi_tick.obj
         Release\jdksmidi_track.obj
         Release\jdksmidi_utils.obj
         Release\WordtoInt.obj
            C:\Documents and Settings\dv6000\My Documents\Visual Studio 2010\Projects\IS\Release\IS.lib 라이브러리 및 C:\Documents and Settings\dv6000\My Documents\Visual Studio 2010\Projects\IS\Release\IS.exp 개체를 생성하고 있습니다.
         코드를 생성하고 있습니다.
         코드를 생성했습니다.
         IS.vcxproj -> C:\Documents and Settings\dv6000\My Documents\Visual Studio 2010\Projects\IS\Release\IS.exe
       Manifest:
         C:\Program Files\Microsoft SDKs\Windows\v7.0A\bin\mt.exe /nologo /verbose /outputresource:"C:\Documents and Settings\dv6000\My Documents\Visual Studio 2010\Projects\IS\Release\IS.exe;#1" /manifest Release\IS.exe.intermediate.manifest
       FinalizeBuildStatus:
         "Release\IS.unsuccessfulbuild" 파일을 삭제하고 있습니다.
         "Release\IS.lastbuildstate"에 연결(touching)하고 있습니다.
     1>"C:\Documents and Settings\dv6000\My Documents\Visual Studio 2010\Projects\IS\IS\IS.vcxproj" 프로젝트를 빌드했습니다(build 대상).

빌드했습니다.

경과 시간: 00:00:04.68
