빌드 시작: 2013-04-12 오전 11:49:20
     1>2 노드의 "C:\Documents and Settings\dv6000\My Documents\Visual Studio 2010\Projects\IS\IS\IS.vcxproj" 프로젝트(build 대상)입니다.
     1>InitializeBuildStatus:
         "AlwaysCreate"이(가) 지정되었기 때문에 "Debug\IS.unsuccessfulbuild"을(를) 만들고 있습니다.
       ClCompile:
         C:\Program Files\Microsoft Visual Studio 10.0\VC\bin\CL.exe /c /ZI /nologo /W3 /WX- /Od /Oy- /D WIN32 /D _DEBUG /D _CONSOLE /D _UNICODE /D UNICODE /Gm /EHsc /RTC1 /MDd /GS /fp:precise /Zc:wchar_t /Zc:forScope /Fo"Debug\\" /Fd"Debug\vc100.pdb" /Gd /TP /analyze- /errorReport:prompt WordtoInt.cpp
         WordtoInt.cpp
     1>c:\documents and settings\dv6000\my documents\visual studio 2010\projects\is\is\wordtoint.cpp(17): warning C4996: 'strncpy': This function or variable may be unsafe. Consider using strncpy_s instead. To disable deprecation, use _CRT_SECURE_NO_WARNINGS. See online help for details.
                 c:\program files\microsoft visual studio 10.0\vc\include\string.h(188) : 'strncpy' 선언을 참조하십시오.
       ManifestResourceCompile:
         모든 출력이 최신 상태입니다.
       Link:
         C:\Program Files\Microsoft Visual Studio 10.0\VC\bin\link.exe /ERRORREPORT:PROMPT /OUT:"C:\Documents and Settings\dv6000\My Documents\Visual Studio 2010\Projects\IS\Debug\IS.exe" /INCREMENTAL /NOLOGO kernel32.lib user32.lib gdi32.lib winspool.lib comdlg32.lib advapi32.lib shell32.lib ole32.lib oleaut32.lib uuid.lib odbc32.lib odbccp32.lib /MANIFEST /ManifestFile:"Debug\IS.exe.intermediate.manifest" /MANIFESTUAC:"level='asInvoker' uiAccess='false'" /DEBUG /PDB:"C:\Documents and Settings\dv6000\My Documents\Visual Studio 2010\Projects\IS\Debug\IS.pdb" /SUBSYSTEM:CONSOLE /TLBID:1 /DYNAMICBASE /NXCOMPAT /IMPLIB:"C:\Documents and Settings\dv6000\My Documents\Visual Studio 2010\Projects\IS\Debug\IS.lib" /MACHINE:X86 Debug\IS.exe.embed.manifest.res
         Debug\IS.obj
         Debug\jdksmidi_advancedsequencer.obj
         Debug\jdksmidi_driver.obj
         Debug\jdksmidi_driverdump.obj
         Debug\jdksmidi_edittrack.obj
         Debug\jdksmidi_file.obj
         Debug\jdksmidi_fileread.obj
         Debug\jdksmidi_filereadmultitrack.obj
         Debug\jdksmidi_fileshow.obj
         Debug\jdksmidi_filewrite.obj
         Debug\jdksmidi_filewritemultitrack.obj
         Debug\jdksmidi_keysig.obj
         Debug\jdksmidi_manager.obj
         Debug\jdksmidi_matrix.obj
         Debug\jdksmidi_midi.obj
         Debug\jdksmidi_msg.obj
         Debug\jdksmidi_multitrack.obj
         Debug\jdksmidi_parser.obj
         Debug\jdksmidi_process.obj
         Debug\jdksmidi_queue.obj
         Debug\jdksmidi_sequencer.obj
         Debug\jdksmidi_showcontrol.obj
         Debug\jdksmidi_showcontrolhandler.obj
         Debug\jdksmidi_smpte.obj
         Debug\jdksmidi_sysex.obj
         Debug\jdksmidi_tempo.obj
         Debug\jdksmidi_tick.obj
         Debug\jdksmidi_track.obj
         Debug\jdksmidi_utils.obj
         Debug\WordtoInt.obj
       Manifest:
         C:\Program Files\Microsoft SDKs\Windows\v7.0A\bin\mt.exe /nologo /verbose /out:"Debug\IS.exe.embed.manifest" /manifest Debug\IS.exe.intermediate.manifest
         모든 출력이 최신 상태입니다.
       LinkEmbedManifest:
         모든 출력이 최신 상태입니다.
         IS.vcxproj -> C:\Documents and Settings\dv6000\My Documents\Visual Studio 2010\Projects\IS\Debug\IS.exe
       FinalizeBuildStatus:
         "Debug\IS.unsuccessfulbuild" 파일을 삭제하고 있습니다.
         "Debug\IS.lastbuildstate"에 연결(touching)하고 있습니다.
     1>"C:\Documents and Settings\dv6000\My Documents\Visual Studio 2010\Projects\IS\IS\IS.vcxproj" 프로젝트를 빌드했습니다(build 대상).

빌드했습니다.

경과 시간: 00:00:01.59
