C:\DOCUMENTS AND SETTINGS\DV6000\MY DOCUMENTS\VISUAL STUDIO 2010\PROJECTS\IS\DEBUG\IS.EXE
C:\DOCUMENTS AND SETTINGS\DV6000\MY DOCUMENTS\VISUAL STUDIO 2010\PROJECTS\IS\DEBUG\IS.ILK
C:\DOCUMENTS AND SETTINGS\DV6000\MY DOCUMENTS\VISUAL STUDIO 2010\PROJECTS\IS\DEBUG\IS.PDB
c:\documents and settings\dv6000\my documents\visual studio 2010\Projects\IS\IS\Debug\cl.command.1.tlog
c:\documents and settings\dv6000\my documents\visual studio 2010\Projects\IS\IS\Debug\CL.read.1.tlog
c:\documents and settings\dv6000\my documents\visual studio 2010\Projects\IS\IS\Debug\CL.write.1.tlog
C:\DOCUMENTS AND SETTINGS\DV6000\MY DOCUMENTS\VISUAL STUDIO 2010\PROJECTS\IS\IS\DEBUG\IS.EXE.EMBED.MANIFEST
C:\DOCUMENTS AND SETTINGS\DV6000\MY DOCUMENTS\VISUAL STUDIO 2010\PROJECTS\IS\IS\DEBUG\IS.EXE.EMBED.MANIFEST.RES
C:\DOCUMENTS AND SETTINGS\DV6000\MY DOCUMENTS\VISUAL STUDIO 2010\PROJECTS\IS\IS\DEBUG\IS.EXE.INTERMEDIATE.MANIFEST
C:\DOCUMENTS AND SETTINGS\DV6000\MY DOCUMENTS\VISUAL STUDIO 2010\PROJECTS\IS\IS\DEBUG\IS.OBJ
c:\documents and settings\dv6000\my documents\visual studio 2010\Projects\IS\IS\Debug\IS_manifest.rc
c:\documents and settings\dv6000\my documents\visual studio 2010\Projects\IS\IS\Debug\link.852.read.1.tlog
c:\documents and settings\dv6000\my documents\visual studio 2010\Projects\IS\IS\Debug\link.852.write.1.tlog
c:\documents and settings\dv6000\my documents\visual studio 2010\Projects\IS\IS\Debug\link.852-cvtres.read.1.tlog
c:\documents and settings\dv6000\my documents\visual studio 2010\Projects\IS\IS\Debug\link.852-cvtres.write.1.tlog
c:\documents and settings\dv6000\my documents\visual studio 2010\Projects\IS\IS\Debug\link.command.1.tlog
c:\documents and settings\dv6000\my documents\visual studio 2010\Projects\IS\IS\Debug\link.read.1.tlog
c:\documents and settings\dv6000\my documents\visual studio 2010\Projects\IS\IS\Debug\link.write.1.tlog
c:\documents and settings\dv6000\my documents\visual studio 2010\Projects\IS\IS\Debug\link-cvtres.read.1.tlog
c:\documents and settings\dv6000\my documents\visual studio 2010\Projects\IS\IS\Debug\link-cvtres.write.1.tlog
c:\documents and settings\dv6000\my documents\visual studio 2010\Projects\IS\IS\Debug\mt.command.1.tlog
c:\documents and settings\dv6000\my documents\visual studio 2010\Projects\IS\IS\Debug\mt.read.1.tlog
c:\documents and settings\dv6000\my documents\visual studio 2010\Projects\IS\IS\Debug\mt.write.1.tlog
c:\documents and settings\dv6000\my documents\visual studio 2010\Projects\IS\IS\Debug\rc.command.1.tlog
c:\documents and settings\dv6000\my documents\visual studio 2010\Projects\IS\IS\Debug\rc.read.1.tlog
c:\documents and settings\dv6000\my documents\visual studio 2010\Projects\IS\IS\Debug\rc.write.1.tlog
c:\documents and settings\dv6000\my documents\visual studio 2010\Projects\IS\IS\Debug\vc100.idb
C:\DOCUMENTS AND SETTINGS\DV6000\MY DOCUMENTS\VISUAL STUDIO 2010\PROJECTS\IS\IS\DEBUG\VC100.PDB
C:\DOCUMENTS AND SETTINGS\DV6000\MY DOCUMENTS\VISUAL STUDIO 2010\PROJECTS\IS\IS\DEBUG\WORDTOINT.OBJ
